  CMakeProject.cpp
  easy_example.cpp
C:\Users\aads\s1\Project1\Project1\easy_example.cpp(4,10): error C1083: Не удается открыть файл включение: ../lib_easy_example/easy_example.h: No such file or directory,
  gtest-all.cc
C:\Users\aads\s1\Project1\Project1\gtest.h(9690,34): error C4996: 'std::tr1': warning STL4002: The non-Standard std::tr1 namespace and TR1-only machinery are deprecated and will be REMOVED. You can define _SILENCE_TR1_NAMESPACE_DEPRECATION_WARNING to suppress this warning.
C:\Users\aads\s1\Project1\Project1\gtest.h(9695,27): error C4996: 'std::tr1': warning STL4002: The non-Standard std::tr1 namespace and TR1-only machinery are deprecated and will be REMOVED. You can define _SILENCE_TR1_NAMESPACE_DEPRECATION_WARNING to suppress this warning.
C:\Users\aads\s1\Project1\Project1\gtest.h(9700,27): error C4996: 'std::tr1': warning STL4002: The non-Standard std::tr1 namespace and TR1-only machinery are deprecated and will be REMOVED. You can define _SILENCE_TR1_NAMESPACE_DEPRECATION_WARNING to suppress this warning.
C:\Users\aads\s1\Project1\Project1\gtest.h(9705,27): error C4996: 'std::tr1': warning STL4002: The non-Standard std::tr1 namespace and TR1-only machinery are deprecated and will be REMOVED. You can define _SILENCE_TR1_NAMESPACE_DEPRECATION_WARNING to suppress this warning.
C:\Users\aads\s1\Project1\Project1\gtest.h(9710,27): error C4996: 'std::tr1': warning STL4002: The non-Standard std::tr1 namespace and TR1-only machinery are deprecated and will be REMOVED. You can define _SILENCE_TR1_NAMESPACE_DEPRECATION_WARNING to suppress this warning.
C:\Users\aads\s1\Project1\Project1\gtest.h(9715,27): error C4996: 'std::tr1': warning STL4002: The non-Standard std::tr1 namespace and TR1-only machinery are deprecated and will be REMOVED. You can define _SILENCE_TR1_NAMESPACE_DEPRECATION_WARNING to suppress this warning.
C:\Users\aads\s1\Project1\Project1\gtest.h(9722,27): error C4996: 'std::tr1': warning STL4002: The non-Standard std::tr1 namespace and TR1-only machinery are deprecated and will be REMOVED. You can define _SILENCE_TR1_NAMESPACE_DEPRECATION_WARNING to suppress this warning.
C:\Users\aads\s1\Project1\Project1\gtest.h(9729,27): error C4996: 'std::tr1': warning STL4002: The non-Standard std::tr1 namespace and TR1-only machinery are deprecated and will be REMOVED. You can define _SILENCE_TR1_NAMESPACE_DEPRECATION_WARNING to suppress this warning.
C:\Users\aads\s1\Project1\Project1\gtest.h(9736,27): error C4996: 'std::tr1': warning STL4002: The non-Standard std::tr1 namespace and TR1-only machinery are deprecated and will be REMOVED. You can define _SILENCE_TR1_NAMESPACE_DEPRECATION_WARNING to suppress this warning.
C:\Users\aads\s1\Project1\Project1\gtest.h(9743,27): error C4996: 'std::tr1': warning STL4002: The non-Standard std::tr1 namespace and TR1-only machinery are deprecated and will be REMOVED. You can define _SILENCE_TR1_NAMESPACE_DEPRECATION_WARNING to suppress this warning.
C:\Users\aads\s1\Project1\Project1\gtest.h(9751,18): error C4996: 'std::tr1': warning STL4002: The non-Standard std::tr1 namespace and TR1-only machinery are deprecated and will be REMOVED. You can define _SILENCE_TR1_NAMESPACE_DEPRECATION_WARNING to suppress this warning.
C:\Users\aads\s1\Project1\Project1\gtest.h(13778,46): error C4996: 'std::tr1': warning STL4002: The non-Standard std::tr1 namespace and TR1-only machinery are deprecated and will be REMOVED. You can define _SILENCE_TR1_NAMESPACE_DEPRECATION_WARNING to suppress this warning.
C:\Users\aads\s1\Project1\Project1\gtest.h(13893,46): error C4996: 'std::tr1': warning STL4002: The non-Standard std::tr1 namespace and TR1-only machinery are deprecated and will be REMOVED. You can define _SILENCE_TR1_NAMESPACE_DEPRECATION_WARNING to suppress this warning.
C:\Users\aads\s1\Project1\Project1\gtest.h(14025,46): error C4996: 'std::tr1': warning STL4002: The non-Standard std::tr1 namespace and TR1-only machinery are deprecated and will be REMOVED. You can define _SILENCE_TR1_NAMESPACE_DEPRECATION_WARNING to suppress this warning.
C:\Users\aads\s1\Project1\Project1\gtest.h(14176,46): error C4996: 'std::tr1': warning STL4002: The non-Standard std::tr1 namespace and TR1-only machinery are deprecated and will be REMOVED. You can define _SILENCE_TR1_NAMESPACE_DEPRECATION_WARNING to suppress this warning.
C:\Users\aads\s1\Project1\Project1\gtest.h(14344,46): error C4996: 'std::tr1': warning STL4002: The non-Standard std::tr1 namespace and TR1-only machinery are deprecated and will be REMOVED. You can define _SILENCE_TR1_NAMESPACE_DEPRECATION_WARNING to suppress this warning.
C:\Users\aads\s1\Project1\Project1\gtest.h(14530,46): error C4996: 'std::tr1': warning STL4002: The non-Standard std::tr1 namespace and TR1-only machinery are deprecated and will be REMOVED. You can define _SILENCE_TR1_NAMESPACE_DEPRECATION_WARNING to suppress this warning.
C:\Users\aads\s1\Project1\Project1\gtest.h(14733,46): error C4996: 'std::tr1': warning STL4002: The non-Standard std::tr1 namespace and TR1-only machinery are deprecated and will be REMOVED. You can define _SILENCE_TR1_NAMESPACE_DEPRECATION_WARNING to suppress this warning.
C:\Users\aads\s1\Project1\Project1\gtest.h(14955,46): error C4996: 'std::tr1': warning STL4002: The non-Standard std::tr1 namespace and TR1-only machinery are deprecated and will be REMOVED. You can define _SILENCE_TR1_NAMESPACE_DEPRECATION_WARNING to suppress this warning.
C:\Users\aads\s1\Project1\Project1\gtest.h(15194,46): error C4996: 'std::tr1': warning STL4002: The non-Standard std::tr1 namespace and TR1-only machinery are deprecated and will be REMOVED. You can define _SILENCE_TR1_NAMESPACE_DEPRECATION_WARNING to suppress this warning.
C:\Users\aads\s1\Project1\Project1\gtest.h(15459,35): error C4996: 'std::tr1': warning STL4002: The non-Standard std::tr1 namespace and TR1-only machinery are deprecated and will be REMOVED. You can define _SILENCE_TR1_NAMESPACE_DEPRECATION_WARNING to suppress this warning.
C:\Users\aads\s1\Project1\Project1\gtest.h(15481,35): error C4996: 'std::tr1': warning STL4002: The non-Standard std::tr1 namespace and TR1-only machinery are deprecated and will be REMOVED. You can define _SILENCE_TR1_NAMESPACE_DEPRECATION_WARNING to suppress this warning.
C:\Users\aads\s1\Project1\Project1\gtest.h(15506,35): error C4996: 'std::tr1': warning STL4002: The non-Standard std::tr1 namespace and TR1-only machinery are deprecated and will be REMOVED. You can define _SILENCE_TR1_NAMESPACE_DEPRECATION_WARNING to suppress this warning.
C:\Users\aads\s1\Project1\Project1\gtest.h(15533,35): error C4996: 'std::tr1': warning STL4002: The non-Standard std::tr1 namespace and TR1-only machinery are deprecated and will be REMOVED. You can define _SILENCE_TR1_NAMESPACE_DEPRECATION_WARNING to suppress this warning.
C:\Users\aads\s1\Project1\Project1\gtest.h(15564,35): error C4996: 'std::tr1': warning STL4002: The non-Standard std::tr1 namespace and TR1-only machinery are deprecated and will be REMOVED. You can define _SILENCE_TR1_NAMESPACE_DEPRECATION_WARNING to suppress this warning.
C:\Users\aads\s1\Project1\Project1\gtest.h(15597,35): error C4996: 'std::tr1': warning STL4002: The non-Standard std::tr1 namespace and TR1-only machinery are deprecated and will be REMOVED. You can define _SILENCE_TR1_NAMESPACE_DEPRECATION_WARNING to suppress this warning.
C:\Users\aads\s1\Project1\Project1\gtest.h(15635,35): error C4996: 'std::tr1': warning STL4002: The non-Standard std::tr1 namespace and TR1-only machinery are deprecated and will be REMOVED. You can define _SILENCE_TR1_NAMESPACE_DEPRECATION_WARNING to suppress this warning.
C:\Users\aads\s1\Project1\Project1\gtest.h(15676,35): error C4996: 'std::tr1': warning STL4002: The non-Standard std::tr1 namespace and TR1-only machinery are deprecated and will be REMOVED. You can define _SILENCE_TR1_NAMESPACE_DEPRECATION_WARNING to suppress this warning.
C:\Users\aads\s1\Project1\Project1\gtest.h(15720,35): error C4996: 'std::tr1': warning STL4002: The non-Standard std::tr1 namespace and TR1-only machinery are deprecated and will be REMOVED. You can define _SILENCE_TR1_NAMESPACE_DEPRECATION_WARNING to suppress this warning.
C:\Users\aads\s1\Project1\Project1\gtest.h(10020,30): error C4996: 'std::tr1': warning STL4002: The non-Standard std::tr1 namespace and TR1-only machinery are deprecated and will be REMOVED. You can define _SILENCE_TR1_NAMESPACE_DEPRECATION_WARNING to suppress this warning.
  main.cpp
C:\Users\aads\s1\Project1\Project1\main.cpp(6,10): error C1083: Не удается открыть файл включение: ../lib_easy_example/easy_example.h: No such file or directory,
  Создание кода...
